<?xml version="1.0" encoding="UTF-8"?>
<!-- Generated by org.testng.reporters.JUnitXMLReporter -->
<testsuite ignored="12" hostname="DESKTOP-B0B06BR" failures="0" tests="6" name="Test" time="0.207" errors="0" timestamp="2022-06-08T08:26:39 IST">
  <testcase classname="testngpack.groupFlag" name="ft1" time="0.025"/>
  <testcase classname="testngpack.groupFlag" name="ft2" time="0.01"/>
  <testcase classname="testngpack.groupFlag" name="ft3" time="0.017"/>
  <testcase classname="testngpack.groupFlag" name="ft4" time="0.009"/>
  <testcase classname="testngpack.groupFlag" name="ft5" time="0.002"/>
  <testcase classname="testngpack.groupFlag" name="ft6" time="0.002"/>
  <testcase classname="testngpack.groupFlag" name="st6" time="0.0">
    <ignored/>
  </testcase> <!-- st6 -->
  <testcase classname="testngpack.groupFlag" name="st3" time="0.0">
    <ignored/>
  </testcase> <!-- st3 -->
  <testcase classname="testngpack.groupFlag" name="st4" time="0.0">
    <ignored/>
  </testcase> <!-- st4 -->
  <testcase classname="testngpack.groupFlag" name="st1" time="0.0">
    <ignored/>
  </testcase> <!-- st1 -->
  <testcase classname="testngpack.groupFlag" name="it4" time="0.0">
    <ignored/>
  </testcase> <!-- it4 -->
  <testcase classname="testngpack.groupFlag" name="it1" time="0.0">
    <ignored/>
  </testcase> <!-- it1 -->
  <testcase classname="testngpack.groupFlag" name="it2" time="0.0">
    <ignored/>
  </testcase> <!-- it2 -->
  <testcase classname="testngpack.groupFlag" name="st5" time="0.0">
    <ignored/>
  </testcase> <!-- st5 -->
  <testcase classname="testngpack.groupFlag" name="it5" time="0.0">
    <ignored/>
  </testcase> <!-- it5 -->
  <testcase classname="testngpack.groupFlag" name="it6" time="0.0">
    <ignored/>
  </testcase> <!-- it6 -->
  <testcase classname="testngpack.groupFlag" name="it3" time="0.0">
    <ignored/>
  </testcase> <!-- it3 -->
  <testcase classname="testngpack.groupFlag" name="st2" time="0.0">
    <ignored/>
  </testcase> <!-- st2 -->
</testsuite> <!-- Test -->
